    Finished dev [unoptimized + debuginfo] target(s) in 0.04s
     Running `target/debug/examples/debug -H 192.168.139.189 log/commands.txt`
[2020-10-25T14:18:58Z INFO  debug] <<< GET,SYS,TIME
[2020-10-25T14:18:58Z INFO  debug] >>> 1_TIME|0:02:39
[2020-10-25T14:18:59Z INFO  debug] <<< GET,SYS,DATE
[2020-10-25T14:18:59Z INFO  debug] >>> 1_DATE|25.10.20
[2020-10-25T14:18:59Z INFO  debug] <<< GET,SYS,RUN
[2020-10-25T14:18:59Z INFO  debug] >>> 1_RUN|1
[2020-10-25T14:19:00Z INFO  debug] <<< GET,SYS,SETTING
[2020-10-25T14:19:00Z INFO  debug] >>> 1_CSE|0:02:40
[2020-10-25T14:19:00Z INFO  debug] >>> 1_DEBUG|0
[2020-10-25T14:19:00Z INFO  debug] >>> 1_KALSEND|1
[2020-10-25T14:19:00Z INFO  debug] >>> 1_KALSENDTIME|60
[2020-10-25T14:19:00Z INFO  debug] >>> 1_KALREC|1
[2020-10-25T14:19:00Z INFO  debug] >>> 1_KALRECTIME|60
[2020-10-25T14:19:00Z INFO  debug] >>> 1_KALALARM|0|2|1
[2020-10-25T14:19:00Z INFO  debug] >>> 1_DATASEND|1
[2020-10-25T14:19:00Z INFO  debug] >>> 1_DATATIME|10
[2020-10-25T14:19:00Z INFO  debug] >>> 1_DATAFORMAT|0
[2020-10-25T14:19:00Z INFO  debug] >>> 1_SEARCH|2
[2020-10-25T14:19:00Z INFO  debug] >>> 1_SEARCHTIME|10
[2020-10-25T14:19:00Z INFO  debug] >>> 1_FORMAT|2
[2020-10-25T14:19:00Z INFO  debug] >>> 1_COUNT|3
[2020-10-25T14:19:00Z INFO  debug] >>> 1_DS2408INV|1
[2020-10-25T14:19:00Z INFO  debug] >>> 1_OWDID|0
[2020-10-25T14:19:00Z INFO  debug] >>> 1_POLLTIME|2
[2020-10-25T14:19:00Z INFO  debug] >>> 1_OWDIDFORMAT|1
[2020-10-25T14:19:00Z INFO  debug] >>> 1_AUTOECON|0
[2020-10-25T14:19:00Z INFO  debug] >>> 1_DIO|3
[2020-10-25T14:19:00Z INFO  debug] <<< GET,SYS,FW
[2020-10-25T14:19:00Z INFO  debug] >>> 1_FW|12029
[2020-10-25T14:19:01Z INFO  debug] <<< GET,SYS,HW
[2020-10-25T14:19:01Z INFO  debug] <<< GET,SYS,INFO
[2020-10-25T14:19:01Z INFO  debug] >>> 1_HW|20
[2020-10-25T14:19:01Z INFO  debug] >>> 1_CSI|0:02:42
[2020-10-25T14:19:01Z INFO  debug] >>> 1_DATE|25.10.20
[2020-10-25T14:19:01Z INFO  debug] >>> 1_TIME|0:02:42
[2020-10-25T14:19:01Z INFO  debug] >>> 1_ARTNO|11340
[2020-10-25T14:19:01Z INFO  debug] >>> 1_SERNO|113402019V2.0-243
[2020-10-25T14:19:01Z INFO  debug] >>> 1_FW|V1.20_29b
[2020-10-25T14:19:01Z INFO  debug] >>> 1_HW|V2.0
[2020-10-25T14:19:01Z INFO  debug] >>> 1_CONTNO|1
[2020-10-25T14:19:02Z INFO  debug] <<< GET,SYS,ID
[2020-10-25T14:19:02Z INFO  debug] >>> 1_ID|11340
[2020-10-25T14:19:02Z INFO  debug] <<< GET,SYS,CONTNO
[2020-10-25T14:19:02Z INFO  debug] >>> 1_CONTNO|1
[2020-10-25T14:19:03Z INFO  debug] <<< GET,SYS,DOM
[2020-10-25T14:19:03Z INFO  debug] >>> 1_DOM|2019
[2020-10-25T14:19:03Z INFO  debug] <<< GET,SYS,SETTING
[2020-10-25T14:19:03Z INFO  debug] >>> 1_CSE|0:02:44
[2020-10-25T14:19:03Z INFO  debug] >>> 1_DEBUG|0
[2020-10-25T14:19:03Z INFO  debug] >>> 1_KALSEND|1
[2020-10-25T14:19:03Z INFO  debug] >>> 1_KALSENDTIME|60
[2020-10-25T14:19:03Z INFO  debug] >>> 1_KALREC|1
[2020-10-25T14:19:03Z INFO  debug] >>> 1_KALRECTIME|60
[2020-10-25T14:19:03Z INFO  debug] >>> 1_KALALARM|0|2|1
[2020-10-25T14:19:03Z INFO  debug] >>> 1_DATASEND|1
[2020-10-25T14:19:03Z INFO  debug] >>> 1_DATATIME|10
[2020-10-25T14:19:03Z INFO  debug] >>> 1_DATAFORMAT|0
[2020-10-25T14:19:03Z INFO  debug] >>> 1_SEARCH|2
[2020-10-25T14:19:03Z INFO  debug] >>> 1_SEARCHTIME|10
[2020-10-25T14:19:03Z INFO  debug] >>> 1_FORMAT|2
[2020-10-25T14:19:04Z INFO  debug] >>> 1_COUNT|3
[2020-10-25T14:19:04Z INFO  debug] >>> 1_DS2408INV|1
[2020-10-25T14:19:04Z INFO  debug] >>> 1_OWDID|0
[2020-10-25T14:19:04Z INFO  debug] >>> 1_POLLTIME|2
[2020-10-25T14:19:04Z INFO  debug] >>> 1_OWDIDFORMAT|1
[2020-10-25T14:19:04Z INFO  debug] >>> 1_AUTOECON|0
[2020-10-25T14:19:04Z INFO  debug] >>> 1_DIO|3
[2020-10-25T14:19:04Z INFO  debug] <<< GET,SYS,ECHO
[2020-10-25T14:19:04Z INFO  debug] <<< GET,SYS,DATAPRINT
[2020-10-25T14:19:04Z INFO  debug] >>> 1_ECHO|1
[2020-10-25T14:19:04Z INFO  debug] >>> 1_DATAPRINT|1
[2020-10-25T14:19:05Z INFO  debug] <<< GET,SYS,DATATIME
[2020-10-25T14:19:05Z INFO  debug] >>> 1_DATATIME|10
[2020-10-25T14:19:05Z INFO  debug] <<< GET,SYS,DATA
[2020-10-25T14:19:05Z INFO  debug] >>> 1_EVT|0:02:46
[2020-10-25T14:19:05Z INFO  debug] >>> 1_SYS1_1|0
[2020-10-25T14:19:05Z INFO  debug] >>> 1_SYS1_2|00000000
[2020-10-25T14:19:05Z INFO  debug] >>> 1_SYS2_1|3
[2020-10-25T14:19:05Z INFO  debug] >>> 1_SYS2_2|00000011
[2020-10-25T14:19:05Z INFO  debug] >>> 1_SYS3|500
[2020-10-25T14:19:05Z INFO  debug] >>> 1_OWD1_1|2266
[2020-10-25T14:19:05Z INFO  debug] >>> 1_OWD1_2|484
[2020-10-25T14:19:05Z INFO  debug] >>> 1_OWD1_3|5730
[2020-10-25T14:19:05Z INFO  debug] >>> 1_OWD1_4|403
[2020-10-25T14:19:05Z INFO  debug] >>> 1_OWD2_1|0
[2020-10-25T14:19:06Z INFO  debug] >>> 1_OWD2_2|00000000
[2020-10-25T14:19:06Z INFO  debug] >>> 1_OWD2_3|5
[2020-10-25T14:19:06Z INFO  debug] >>> 1_OWD2_4|00000101
[2020-10-25T14:19:06Z INFO  debug] >>> 1_OWD3_1|0
[2020-10-25T14:19:06Z INFO  debug] >>> 1_OWD3_2|00000000
[2020-10-25T14:19:06Z INFO  debug] >>> 1_OWD3_3|0
[2020-10-25T14:19:06Z INFO  debug] >>> 1_OWD3_4|00000000
[2020-10-25T14:19:06Z INFO  debug] <<< GET,SYS,ANA
[2020-10-25T14:19:06Z INFO  debug] >>> 1_INF|0:02:46
[2020-10-25T14:19:06Z INFO  debug] >>> 1_ERR|3
[2020-10-25T14:19:06Z INFO  debug] <<< GET,SYS,LIZ,2
[2020-10-25T14:19:06Z INFO  debug] >>> 1_LIZ|2|0
[2020-10-25T14:19:07Z INFO  debug] <<< GET,OWB,COUNT
[2020-10-25T14:19:07Z INFO  debug] <<< GET,OWB,COUNTMEM
[2020-10-25T14:19:07Z INFO  debug] >>> 1_COUNT|0
[2020-10-25T14:19:07Z INFO  debug] >>> 1_COUNTMEM|1
[2020-10-25T14:19:08Z INFO  debug] <<< GET,OWB,OWDID
[2020-10-25T14:19:08Z INFO  debug] >>> 1_OWDID|0
[2020-10-25T14:19:08Z INFO  debug] <<< GET,OWB,OWDIDFORMAT
[2020-10-25T14:19:08Z INFO  debug] >>> 1_OWDIDFORMAT|1
[2020-10-25T14:19:09Z INFO  debug] <<< GET,OWB,LIST0
[2020-10-25T14:19:09Z INFO  debug] >>> 1_LST0|0:02:49
[2020-10-25T14:19:09Z INFO  debug] >>> LST|1_OWD1|EF000019096A4026|11150
[2020-10-25T14:19:09Z INFO  debug] >>> LST|1_OWD2|4300001982956429|DS2408
[2020-10-25T14:19:09Z INFO  debug] >>> LST|1_OWD3|F400001BA2F0EC29|DS2408
[2020-10-25T14:19:10Z INFO  debug] <<< GET,OWB,LIST1
[2020-10-25T14:19:10Z INFO  debug] >>> 1_LST1|0:02:51
[2020-10-25T14:19:10Z INFO  debug] >>> LST|EF000019096A4026
[2020-10-25T14:19:10Z INFO  debug] >>> LST|4300001982956429
[2020-10-25T14:19:10Z INFO  debug] >>> LST|F400001BA2F0EC29
[2020-10-25T14:19:12Z INFO  debug] >>> 1_EVT|0:02:52
[2020-10-25T14:19:12Z INFO  debug] >>> 1_SYS1_1|0
[2020-10-25T14:19:12Z INFO  debug] >>> 1_SYS1_2|00000000
[2020-10-25T14:19:12Z INFO  debug] >>> 1_SYS2_1|3
[2020-10-25T14:19:12Z INFO  debug] >>> 1_SYS2_2|00000011
[2020-10-25T14:19:12Z INFO  debug] >>> 1_SYS3|500
[2020-10-25T14:19:12Z INFO  debug] <<< GET,OWB,LIST2
[2020-10-25T14:19:12Z INFO  debug] >>> 1_OWD1_1|2263
[2020-10-25T14:19:12Z INFO  debug] >>> 1_OWD1_2|484
[2020-10-25T14:19:12Z INFO  debug] >>> 1_OWD1_3|5730
[2020-10-25T14:19:12Z INFO  debug] >>> 1_OWD1_4|402
[2020-10-25T14:19:12Z INFO  debug] >>> 1_OWD2_1|0
[2020-10-25T14:19:12Z INFO  debug] >>> 1_OWD2_2|00000000
[2020-10-25T14:19:12Z INFO  debug] >>> 1_OWD2_3|5
[2020-10-25T14:19:12Z INFO  debug] >>> 1_OWD2_4|00000101
[2020-10-25T14:19:12Z INFO  debug] >>> 1_OWD3_1|0
[2020-10-25T14:19:12Z INFO  debug] >>> 1_OWD3_2|00000000
[2020-10-25T14:19:12Z INFO  debug] >>> 1_OWD3_3|0
[2020-10-25T14:19:12Z INFO  debug] >>> 1_OWD3_4|00000000
[2020-10-25T14:19:12Z INFO  debug] >>> 1_LST2|0:02:52
[2020-10-25T14:19:12Z INFO  debug] >>> LST|EF000019096A4026|11150
[2020-10-25T14:19:12Z INFO  debug] >>> LST|4300001982956429|DS2408
[2020-10-25T14:19:12Z INFO  debug] >>> LST|F400001BA2F0EC29|DS2408
[2020-10-25T14:19:13Z INFO  debug] <<< GET,OWB,LISTALL
[2020-10-25T14:19:14Z INFO  debug] >>> 1_LST3|0:02:54
[2020-10-25T14:19:14Z INFO  debug] >>> LST|1_OWD1|EF000019096A4026|S_0|11150
[2020-10-25T14:19:14Z INFO  debug] >>> LST|1_OWD2|4300001982956429|S_0|DS2408
[2020-10-25T14:19:14Z INFO  debug] >>> LST|1_OWD3|F400001BA2F0EC29|S_0|DS2408
[2020-10-25T14:19:14Z INFO  debug] >>> LST|1_OWD4|FFFFFFFFFFFFFFFF|S_10|none
[2020-10-25T14:19:14Z INFO  debug] >>> LST|1_OWD5|FFFFFFFFFFFFFFFF|S_10|none
[2020-10-25T14:19:14Z INFO  debug] >>> LST|1_OWD6|FFFFFFFFFFFFFFFF|S_10|none
[2020-10-25T14:19:14Z INFO  debug] >>> LST|1_OWD7|FFFFFFFFFFFFFFFF|S_10|none
[2020-10-25T14:19:14Z INFO  debug] >>> LST|1_OWD8|FFFFFFFFFFFFFFFF|S_10|none
[2020-10-25T14:19:14Z INFO  debug] >>> LST|1_OWD9|FFFFFFFFFFFFFFFF|S_10|none
[2020-10-25T14:19:14Z INFO  debug] >>> LST|1_OWD10|FFFFFFFFFFFFFFFF|S_10|none
[2020-10-25T14:19:14Z INFO  debug] >>> LST|1_OWD11|FFFFFFFFFFFFFFFF|S_10|none
[2020-10-25T14:19:14Z INFO  debug] >>> LST|1_OWD12|FFFFFFFFFFFFFFFF|S_10|none
[2020-10-25T14:19:14Z INFO  debug] >>> LST|1_OWD13|FFFFFFFFFFFFFFFF|S_10|none
[2020-10-25T14:19:14Z INFO  debug] >>> LST|1_OWD14|FFFFFFFFFFFFFFFF|S_10|none
[2020-10-25T14:19:14Z INFO  debug] >>> LST|1_OWD15|FFFFFFFFFFFFFFFF|S_10|none
[2020-10-25T14:19:14Z INFO  debug] >>> LST|1_OWD16|FFFFFFFFFFFFFFFF|S_10|none
[2020-10-25T14:19:14Z INFO  debug] >>> LST|1_OWD17|FFFFFFFFFFFFFFFF|S_10|none
[2020-10-25T14:19:14Z INFO  debug] >>> LST|1_OWD18|FFFFFFFFFFFFFFFF|S_10|none
[2020-10-25T14:19:14Z INFO  debug] >>> LST|1_OWD19|FFFFFFFFFFFFFFFF|S_10|none
[2020-10-25T14:19:14Z INFO  debug] >>> LST|1_OWD20|FFFFFFFFFFFFFFFF|S_10|none
[2020-10-25T14:19:14Z INFO  debug] >>> LST|1_OWD21|FFFFFFFFFFFFFFFF|S_10|none
[2020-10-25T14:19:14Z INFO  debug] >>> LST|1_OWD22|FFFFFFFFFFFFFFFF|S_10|none
[2020-10-25T14:19:14Z INFO  debug] >>> LST|1_OWD23|FFFFFFFFFFFFFFFF|S_10|none
[2020-10-25T14:19:14Z INFO  debug] >>> LST|1_OWD24|FFFFFFFFFFFFFFFF|S_10|none
[2020-10-25T14:19:14Z INFO  debug] >>> LST|1_OWD25|FFFFFFFFFFFFFFFF|S_10|none
[2020-10-25T14:19:14Z INFO  debug] >>> LST|1_OWD26|FFFFFFFFFFFFFFFF|S_10|none
[2020-10-25T14:19:14Z INFO  debug] >>> LST|1_OWD27|FFFFFFFFFFFFFFFF|S_10|none
[2020-10-25T14:19:14Z INFO  debug] >>> LST|1_OWD28|FFFFFFFFFFFFFFFF|S_10|none
[2020-10-25T14:19:14Z INFO  debug] >>> LST|1_OWD29|FFFFFFFFFFFFFFFF|S_10|none
[2020-10-25T14:19:14Z INFO  debug] >>> LST|1_OWD30|FFFFFFFFFFFFFFFF|S_10|none
[2020-10-25T14:19:15Z INFO  debug] <<< GET,OWB,LISTALL1
[2020-10-25T14:19:15Z INFO  debug] >>> 1_LST3|0:02:55
[2020-10-25T14:19:15Z INFO  debug] >>> LST|1_OWD1|EF000019096A4026|S_0|11150|TEMP
[2020-10-25T14:19:15Z INFO  debug] >>> LST|1_OWD2|4300001982956429|S_0|DS2408|
[2020-10-25T14:19:15Z INFO  debug] >>> LST|1_OWD3|F400001BA2F0EC29|S_0|DS2408|
[2020-10-25T14:19:15Z INFO  debug] >>> LST|1_OWD4|FFFFFFFFFFFFFFFF|S_10|none|
[2020-10-25T14:19:15Z INFO  debug] >>> LST|1_OWD5|FFFFFFFFFFFFFFFF|S_10|none|
[2020-10-25T14:19:15Z INFO  debug] >>> LST|1_OWD6|FFFFFFFFFFFFFFFF|S_10|none|
[2020-10-25T14:19:15Z INFO  debug] >>> LST|1_OWD7|FFFFFFFFFFFFFFFF|S_10|none|
[2020-10-25T14:19:15Z INFO  debug] >>> LST|1_OWD8|FFFFFFFFFFFFFFFF|S_10|none|
[2020-10-25T14:19:15Z INFO  debug] >>> LST|1_OWD9|FFFFFFFFFFFFFFFF|S_10|none|
[2020-10-25T14:19:15Z INFO  debug] >>> LST|1_OWD10|FFFFFFFFFFFFFFFF|S_10|none|
[2020-10-25T14:19:15Z INFO  debug] >>> LST|1_OWD11|FFFFFFFFFFFFFFFF|S_10|none|
[2020-10-25T14:19:15Z INFO  debug] >>> LST|1_OWD12|FFFFFFFFFFFFFFFF|S_10|none|
[2020-10-25T14:19:15Z INFO  debug] >>> LST|1_OWD13|FFFFFFFFFFFFFFFF|S_10|none|
[2020-10-25T14:19:15Z INFO  debug] >>> LST|1_OWD14|FFFFFFFFFFFFFFFF|S_10|none|
[2020-10-25T14:19:15Z INFO  debug] >>> LST|1_OWD15|FFFFFFFFFFFFFFFF|S_10|none|
[2020-10-25T14:19:15Z INFO  debug] >>> LST|1_OWD16|FFFFFFFFFFFFFFFF|S_10|none|
[2020-10-25T14:19:15Z INFO  debug] >>> LST|1_OWD17|FFFFFFFFFFFFFFFF|S_10|none|
[2020-10-25T14:19:15Z INFO  debug] >>> LST|1_OWD18|FFFFFFFFFFFFFFFF|S_10|none|
[2020-10-25T14:19:15Z INFO  debug] >>> LST|1_OWD19|FFFFFFFFFFFFFFFF|S_10|none|
[2020-10-25T14:19:16Z INFO  debug] >>> LST|1_OWD20|FFFFFFFFFFFFFFFF|S_10|none|
[2020-10-25T14:19:16Z INFO  debug] >>> LST|1_OWD21|FFFFFFFFFFFFFFFF|S_10|none|
[2020-10-25T14:19:16Z INFO  debug] >>> LST|1_OWD22|FFFFFFFFFFFFFFFF|S_10|none|
[2020-10-25T14:19:16Z INFO  debug] >>> LST|1_OWD23|FFFFFFFFFFFFFFFF|S_10|none|
[2020-10-25T14:19:16Z INFO  debug] >>> LST|1_OWD24|FFFFFFFFFFFFFFFF|S_10|none|
[2020-10-25T14:19:16Z INFO  debug] >>> LST|1_OWD25|FFFFFFFFFFFFFFFF|S_10|none|
[2020-10-25T14:19:16Z INFO  debug] >>> LST|1_OWD26|FFFFFFFFFFFFFFFF|S_10|none|
[2020-10-25T14:19:16Z INFO  debug] >>> LST|1_OWD27|FFFFFFFFFFFFFFFF|S_10|none|
[2020-10-25T14:19:16Z INFO  debug] >>> LST|1_OWD28|FFFFFFFFFFFFFFFF|S_10|none|
[2020-10-25T14:19:16Z INFO  debug] >>> LST|1_OWD29|FFFFFFFFFFFFFFFF|S_10|none|
[2020-10-25T14:19:16Z INFO  debug] >>> LST|1_OWD30|FFFFFFFFFFFFFFFF|S_10|none|
[2020-10-25T14:19:16Z INFO  debug] <<< GET,OWB,LISTMEM
[2020-10-25T14:19:17Z INFO  debug] >>> 1_LST4|0:02:57
[2020-10-25T14:19:17Z INFO  debug] >>> LST|1_OWD1|EF000019096A4026|11150
[2020-10-25T14:19:17Z INFO  debug] >>> LST|1_OWD2|4300001982956429|11229
[2020-10-25T14:19:17Z INFO  debug] >>> LST|1_OWD3|FFFFFFFFFFFFFFFF|none
[2020-10-25T14:19:17Z INFO  debug] >>> LST|1_OWD4|FFFFFFFFFFFFFFFF|none
[2020-10-25T14:19:17Z INFO  debug] >>> LST|1_OWD5|FFFFFFFFFFFFFFFF|none
[2020-10-25T14:19:17Z INFO  debug] >>> LST|1_OWD6|FFFFFFFFFFFFFFFF|none
[2020-10-25T14:19:17Z INFO  debug] >>> LST|1_OWD7|FFFFFFFFFFFFFFFF|none
[2020-10-25T14:19:17Z INFO  debug] >>> LST|1_OWD8|FFFFFFFFFFFFFFFF|none
[2020-10-25T14:19:17Z INFO  debug] >>> LST|1_OWD9|FFFFFFFFFFFFFFFF|none
[2020-10-25T14:19:17Z INFO  debug] >>> LST|1_OWD10|FFFFFFFFFFFFFFFF|none
[2020-10-25T14:19:17Z INFO  debug] >>> LST|1_OWD11|FFFFFFFFFFFFFFFF|none
[2020-10-25T14:19:17Z INFO  debug] >>> LST|1_OWD12|FFFFFFFFFFFFFFFF|none
[2020-10-25T14:19:17Z INFO  debug] >>> LST|1_OWD13|FFFFFFFFFFFFFFFF|none
[2020-10-25T14:19:17Z INFO  debug] >>> LST|1_OWD14|FFFFFFFFFFFFFFFF|none
[2020-10-25T14:19:17Z INFO  debug] >>> LST|1_OWD15|FFFFFFFFFFFFFFFF|none
[2020-10-25T14:19:17Z INFO  debug] >>> LST|1_OWD16|FFFFFFFFFFFFFFFF|none
[2020-10-25T14:19:17Z INFO  debug] >>> LST|1_OWD17|FFFFFFFFFFFFFFFF|none
[2020-10-25T14:19:17Z INFO  debug] >>> LST|1_OWD18|FFFFFFFFFFFFFFFF|none
[2020-10-25T14:19:17Z INFO  debug] >>> LST|1_OWD19|FFFFFFFFFFFFFFFF|none
[2020-10-25T14:19:17Z INFO  debug] >>> LST|1_OWD20|FFFFFFFFFFFFFFFF|none
[2020-10-25T14:19:17Z INFO  debug] >>> LST|1_OWD21|FFFFFFFFFFFFFFFF|none
[2020-10-25T14:19:17Z INFO  debug] >>> LST|1_OWD22|FFFFFFFFFFFFFFFF|none
[2020-10-25T14:19:17Z INFO  debug] >>> LST|1_OWD23|FFFFFFFFFFFFFFFF|none
[2020-10-25T14:19:17Z INFO  debug] >>> LST|1_OWD24|FFFFFFFFFFFFFFFF|none
[2020-10-25T14:19:17Z INFO  debug] >>> LST|1_OWD25|FFFFFFFFFFFFFFFF|none
[2020-10-25T14:19:17Z INFO  debug] >>> LST|1_OWD26|FFFFFFFFFFFFFFFF|none
[2020-10-25T14:19:17Z INFO  debug] >>> LST|1_OWD27|FFFFFFFFFFFFFFFF|none
[2020-10-25T14:19:17Z INFO  debug] >>> LST|1_OWD28|FFFFFFFFFFFFFFFF|none
[2020-10-25T14:19:17Z INFO  debug] >>> LST|1_OWD29|FFFFFFFFFFFFFFFF|none
[2020-10-25T14:19:17Z INFO  debug] >>> LST|1_OWD30|FFFFFFFFFFFFFFFF|none
[2020-10-25T14:19:18Z INFO  debug] <<< GET,OWB,DEVICEID,1
[2020-10-25T14:19:18Z INFO  debug] <<< GET,OWB,SEARCH
[2020-10-25T14:19:19Z INFO  debug] >>> 1_SEARCH|2
[2020-10-25T14:19:19Z INFO  debug] <<< GET,OWB,POLLTIME
[2020-10-25T14:19:19Z INFO  debug] >>> 1_POLLTIME|2
[2020-10-25T14:19:19Z INFO  debug] <<< GET,OWB,ERRSUM
[2020-10-25T14:19:19Z INFO  debug] >>> 1_ERRSUM|12
[2020-10-25T14:19:20Z INFO  debug] <<< GET,OWB,ERROWD,1
[2020-10-25T14:19:20Z INFO  debug] >>> 1_ERROWD1|0
[2020-10-25T14:19:20Z INFO  debug] <<< GET,OWB,ERRLISTALL
[2020-10-25T14:19:20Z INFO  debug] >>> 1_ERR|0:03:01
[2020-10-25T14:19:20Z INFO  debug] >>> 1_ERROWD1|0
[2020-10-25T14:19:20Z INFO  debug] >>> 1_ERROWD2|0
[2020-10-25T14:19:20Z INFO  debug] >>> 1_ERROWD3|0
[2020-10-25T14:19:21Z INFO  debug] <<< GET,OWB,ERRLISTALL1
[2020-10-25T14:19:21Z INFO  debug] >>> 1_ERR|0:03:02
[2020-10-25T14:19:21Z INFO  debug] >>> 1_ERROWD1|0
[2020-10-25T14:19:21Z INFO  debug] >>> 1_ERROWD2|0
[2020-10-25T14:19:21Z INFO  debug] >>> 1_ERROWD3|0
[2020-10-25T14:19:21Z INFO  debug] <<< GET,OWD,NAME,1
[2020-10-25T14:19:21Z INFO  debug] >>> 1_ERROWD4|0
[2020-10-25T14:19:21Z INFO  debug] >>> 1_ERROWD5|0
[2020-10-25T14:19:21Z INFO  debug] >>> 1_ERROWD6|0
[2020-10-25T14:19:21Z INFO  debug] >>> 1_ERROWD7|0
[2020-10-25T14:19:21Z INFO  debug] >>> 1_ERROWD8|0
[2020-10-25T14:19:21Z INFO  debug] >>> 1_ERROWD9|0
[2020-10-25T14:19:21Z INFO  debug] >>> 1_ERROWD10|0
[2020-10-25T14:19:21Z INFO  debug] >>> 1_ERROWD11|0
[2020-10-25T14:19:21Z INFO  debug] >>> 1_ERROWD12|0
[2020-10-25T14:19:21Z INFO  debug] >>> 1_ERROWD13|0
[2020-10-25T14:19:21Z INFO  debug] >>> 1_ERROWD14|0
[2020-10-25T14:19:21Z INFO  debug] >>> 1_ERROWD15|0
[2020-10-25T14:19:22Z INFO  debug] >>> 1_ERROWD16|0
[2020-10-25T14:19:22Z INFO  debug] >>> 1_ERROWD17|0
[2020-10-25T14:19:22Z INFO  debug] >>> 1_ERROWD18|0
[2020-10-25T14:19:22Z INFO  debug] >>> 1_ERROWD19|0
[2020-10-25T14:19:22Z INFO  debug] >>> 1_ERROWD20|0
[2020-10-25T14:19:22Z INFO  debug] >>> 1_ERROWD21|0
[2020-10-25T14:19:22Z INFO  debug] >>> 1_ERROWD22|0
[2020-10-25T14:19:22Z INFO  debug] >>> 1_ERROWD23|0
[2020-10-25T14:19:22Z INFO  debug] >>> 1_ERROWD24|0
[2020-10-25T14:19:22Z INFO  debug] >>> 1_ERROWD25|0
[2020-10-25T14:19:22Z INFO  debug] >>> 1_ERROWD26|0
[2020-10-25T14:19:22Z INFO  debug] >>> 1_ERROWD27|0
[2020-10-25T14:19:22Z INFO  debug] >>> 1_ERROWD28|0
[2020-10-25T14:19:22Z INFO  debug] >>> 1_ERROWD29|0
[2020-10-25T14:19:22Z INFO  debug] >>> 1_ERROWD30|0
[2020-10-25T14:19:22Z INFO  debug] >>> 1_OWD_1|TEMP
[2020-10-25T14:19:22Z INFO  debug] <<< GET,OWD,NAME,2
[2020-10-25T14:19:22Z INFO  debug] >>> 1_OWD_2|
[2020-10-25T14:19:22Z INFO  debug] <<< GET,OWD,FORMAT
[2020-10-25T14:19:22Z INFO  debug] >>> 1_FORMAT|2
[2020-10-25T14:19:23Z INFO  debug] <<< GET,OWD,TYPE,1
[2020-10-25T14:19:23Z INFO  debug] >>> 1_OWD_1|0
[2020-10-25T14:19:23Z INFO  debug] >>> 1_EVT|0:03:04
[2020-10-25T14:19:23Z INFO  debug] >>> 1_SYS1_1|0
[2020-10-25T14:19:23Z INFO  debug] >>> 1_SYS1_2|00000000
[2020-10-25T14:19:23Z INFO  debug] >>> 1_SYS2_1|3
[2020-10-25T14:19:23Z INFO  debug] >>> 1_SYS2_2|00000011
[2020-10-25T14:19:23Z INFO  debug] >>> 1_SYS3|500
[2020-10-25T14:19:23Z INFO  debug] >>> 1_OWD1_1|2269
[2020-10-25T14:19:23Z INFO  debug] >>> 1_OWD1_2|484
[2020-10-25T14:19:23Z INFO  debug] >>> 1_OWD1_3|5730
[2020-10-25T14:19:23Z INFO  debug] >>> 1_OWD1_4|403
[2020-10-25T14:19:23Z INFO  debug] >>> 1_OWD2_1|0
[2020-10-25T14:19:23Z INFO  debug] <<< GET,OWD,DS2408INV
[2020-10-25T14:19:23Z INFO  debug] >>> 1_OWD2_2|00000000
[2020-10-25T14:19:23Z INFO  debug] >>> 1_OWD2_3|5
[2020-10-25T14:19:23Z INFO  debug] >>> 1_OWD2_4|00000101
[2020-10-25T14:19:23Z INFO  debug] >>> 1_OWD3_1|0
[2020-10-25T14:19:23Z INFO  debug] >>> 1_OWD3_2|00000000
[2020-10-25T14:19:23Z INFO  debug] >>> 1_OWD3_3|0
[2020-10-25T14:19:23Z INFO  debug] >>> 1_OWD3_4|00000000
[2020-10-25T14:19:23Z INFO  debug] >>> 1_DS2408INV|1
[2020-10-25T14:19:24Z INFO  debug] <<< GET,OWD,DS2450ADC
[2020-10-25T14:19:24Z INFO  debug] >>> 1_DS2450ADC|1
[2020-10-25T14:19:24Z INFO  debug] <<< GET,OWD,GRPGET,1
[2020-10-25T14:19:24Z INFO  debug] >>> GRP|1_OWD1|0|0|0|0|0|0|0|0|
[2020-10-25T14:19:25Z INFO  debug] <<< GET,OWD,GRPLIST1
[2020-10-25T14:19:25Z INFO  debug] >>> 1_GRPLIST1|0:03:05
[2020-10-25T14:19:25Z INFO  debug] >>> GRP|1_OWD1|0|0|0|0|0|0|0|0|
[2020-10-25T14:19:25Z INFO  debug] >>> GRP|1_OWD2|0|0|0|0|0|0|0|0|
[2020-10-25T14:19:25Z INFO  debug] >>> GRP|1_OWD3|0|0|0|0|0|0|0|0|
[2020-10-25T14:19:25Z INFO  debug] >>> GRP|1_OWD4|0|0|0|0|0|0|0|0|
[2020-10-25T14:19:25Z INFO  debug] >>> GRP|1_OWD5|0|0|0|0|0|0|0|0|
[2020-10-25T14:19:25Z INFO  debug] >>> GRP|1_OWD6|0|0|0|0|0|0|0|0|
[2020-10-25T14:19:25Z INFO  debug] >>> GRP|1_OWD7|0|0|0|0|0|0|0|0|
[2020-10-25T14:19:25Z INFO  debug] >>> GRP|1_OWD8|0|0|0|0|0|0|0|0|
[2020-10-25T14:19:25Z INFO  debug] >>> GRP|1_OWD9|0|0|0|0|0|0|0|0|
[2020-10-25T14:19:25Z INFO  debug] >>> GRP|1_OWD10|0|0|0|0|0|0|0|0|
[2020-10-25T14:19:25Z INFO  debug] >>> GRP|1_OWD11|0|0|0|0|0|0|0|0|
[2020-10-25T14:19:25Z INFO  debug] >>> GRP|1_OWD12|0|0|0|0|0|0|0|0|
[2020-10-25T14:19:25Z INFO  debug] >>> GRP|1_OWD13|0|0|0|0|0|0|0|0|
[2020-10-25T14:19:25Z INFO  debug] >>> GRP|1_OWD14|0|0|0|0|0|0|0|0|
[2020-10-25T14:19:25Z INFO  debug] >>> GRP|1_OWD15|0|0|0|0|0|0|0|0|
[2020-10-25T14:19:25Z INFO  debug] >>> GRP|1_OWD16|0|0|0|0|0|0|0|0|
[2020-10-25T14:19:25Z INFO  debug] >>> GRP|1_OWD17|0|0|0|0|0|0|0|0|
[2020-10-25T14:19:25Z INFO  debug] >>> GRP|1_OWD18|0|0|0|0|0|0|0|0|
[2020-10-25T14:19:25Z INFO  debug] >>> GRP|1_OWD19|0|0|0|0|0|0|0|0|
[2020-10-25T14:19:25Z INFO  debug] >>> GRP|1_OWD20|0|0|0|0|0|0|0|0|
[2020-10-25T14:19:25Z INFO  debug] >>> GRP|1_OWD21|0|0|0|0|0|0|0|0|
[2020-10-25T14:19:25Z INFO  debug] >>> GRP|1_OWD22|0|0|0|0|0|0|0|0|
[2020-10-25T14:19:25Z INFO  debug] >>> GRP|1_OWD23|0|0|0|0|0|0|0|0|
[2020-10-25T14:19:25Z INFO  debug] >>> GRP|1_OWD24|0|0|0|0|0|0|0|0|
[2020-10-25T14:19:25Z INFO  debug] >>> GRP|1_OWD25|0|0|0|0|0|0|0|0|
[2020-10-25T14:19:25Z INFO  debug] >>> GRP|1_OWD26|0|0|0|0|0|0|0|0|
[2020-10-25T14:19:25Z INFO  debug] >>> GRP|1_OWD27|0|0|0|0|0|0|0|0|
[2020-10-25T14:19:25Z INFO  debug] >>> GRP|1_OWD28|0|0|0|0|0|0|0|0|
[2020-10-25T14:19:25Z INFO  debug] >>> GRP|1_OWD29|0|0|0|0|0|0|0|0|
[2020-10-25T14:19:25Z INFO  debug] >>> GRP|1_OWD30|0|0|0|0|0|0|0|0|
[2020-10-25T14:19:25Z INFO  debug] <<< GET,KEY,DATA
[2020-10-25T14:19:25Z INFO  debug] >>> 1_DATA|2
[2020-10-25T14:19:26Z INFO  debug] <<< GET,KEY,FAST
[2020-10-25T14:19:26Z INFO  debug] >>> 1_INF|0:03:06
[2020-10-25T14:19:26Z INFO  debug] >>> 1_ERR|4
[2020-10-25T14:19:26Z INFO  debug] <<< SET,SYS,ECHO,1
[2020-10-25T14:19:26Z INFO  debug] >>> 1_ECHO|1
[2020-10-25T14:19:27Z INFO  debug] <<< SET,SYS,DATE,25.10.20
[2020-10-25T14:19:27Z INFO  debug] >>> 1_DATE|25.10.20
[2020-10-25T14:19:27Z INFO  debug] <<< SET,SYS,TIME,00:00
[2020-10-25T14:19:27Z INFO  debug] >>> 1_TIME|0:00:14
[2020-10-25T14:19:28Z INFO  debug] <<< SET,SYS,CONTNO,1
[2020-10-25T14:19:28Z INFO  debug] >>> 1_CONTNO|1
[2020-10-25T14:19:28Z INFO  debug] <<< SET,SYS,DEBUG,0
[2020-10-25T14:19:28Z INFO  debug] >>> 1_DEBUG|0
[2020-10-25T14:19:29Z INFO  debug] <<< SET,SYS,DATAPRINT,1
[2020-10-25T14:19:29Z INFO  debug] >>> 1_DATAPRINT|1
[2020-10-25T14:19:29Z INFO  debug] <<< SET,SYS,DATATIME,10
[2020-10-25T14:19:29Z INFO  debug] >>> 1_DATATIME|10
[2020-10-25T14:19:30Z INFO  debug] <<< SET,SYS,KAL,1
[2020-10-25T14:19:30Z INFO  debug] >>> 1_KAL|1
[2020-10-25T14:19:30Z INFO  debug] <<< SET,SYS,KALSEND,1
[2020-10-25T14:19:30Z INFO  debug] >>> 1_KALSEND|1
[2020-10-25T14:19:31Z INFO  debug] <<< SET,SYS,KALSENDTIME,60
[2020-10-25T14:19:31Z INFO  debug] >>> 1_KALSENDTIME|60
[2020-10-25T14:19:31Z INFO  debug] <<< SET,SYS,KALREC,1
[2020-10-25T14:19:31Z INFO  debug] >>> 1_KALREC|1
[2020-10-25T14:19:32Z INFO  debug] <<< SET,SYS,KALRECTIME,60
[2020-10-25T14:19:32Z INFO  debug] >>> 1_KALRECTIME|60
[2020-10-25T14:19:32Z INFO  debug] <<< SET,SYS,KALALARM,0,2,1
[2020-10-25T14:19:32Z INFO  debug] >>> 1_KALALARM|0|2|1
[2020-10-25T14:19:33Z INFO  debug] <<< SET,SYS,OUTH,0
[2020-10-25T14:19:33Z INFO  debug] <<< SET,SYS,OUT,1,1
[2020-10-25T14:19:34Z INFO  debug] <<< SET,SYS,OUTA,500
[2020-10-25T14:19:34Z INFO  debug] <<< SET,SYS,DIO,3
[2020-10-25T14:19:35Z INFO  debug] <<< SET,OWB,OSDID,0
[2020-10-25T14:19:35Z INFO  debug] >>> 1_EVT|0:00:21
[2020-10-25T14:19:35Z INFO  debug] >>> 1_SYS2_1|0
[2020-10-25T14:19:35Z INFO  debug] >>> 1_SYS2_2|00000000
[2020-10-25T14:19:35Z INFO  debug] >>> 1_EVT|0:00:21
[2020-10-25T14:19:35Z INFO  debug] >>> 1_SYS2_1|1
[2020-10-25T14:19:35Z INFO  debug] >>> 1_SYS2_2|00000001
[2020-10-25T14:19:35Z INFO  debug] >>> 1_EVT|0:00:21
[2020-10-25T14:19:35Z INFO  debug] >>> 1_SYS3|500
[2020-10-25T14:19:35Z INFO  debug] >>> 1_DIO|3
[2020-10-25T14:19:35Z INFO  debug] >>> 1_INF|0:00:21
[2020-10-25T14:19:35Z INFO  debug] >>> 1_ERR|3
[2020-10-25T14:19:35Z INFO  debug] <<< SET,OWB,OSDIDFORMAT,0
[2020-10-25T14:19:35Z INFO  debug] >>> 1_INF|0:00:22
[2020-10-25T14:19:35Z INFO  debug] >>> 1_ERR|3
[2020-10-25T14:19:36Z INFO  debug] <<< SET,OWB,SEARCHALL
[2020-10-25T14:19:36Z INFO  debug] >>> 1_SEARCHALL|1
[2020-10-25T14:19:36Z INFO  debug] <<< SET,OWB,SEARCH,2
[2020-10-25T14:19:37Z INFO  debug] >>> 1_SEARCH|2
[2020-10-25T14:19:37Z INFO  debug] <<< SET,OWB,SEARCHTIME,10
[2020-10-25T14:19:37Z INFO  debug] >>> 1_SEARCHTIME|10
[2020-10-25T14:19:37Z INFO  debug] <<< SET,OWB,POLLTIME,2
[2020-10-25T14:19:37Z INFO  debug] >>> 1_POLLTIME|2
[2020-10-25T14:19:38Z INFO  debug] <<< SET,OWD,FORMAT,2
[2020-10-25T14:19:38Z INFO  debug] >>> 1_FORMAT|2
[2020-10-25T14:19:38Z INFO  debug] >>> 1_EVT|0:00:25
[2020-10-25T14:19:38Z INFO  debug] >>> 1_KAL|1
[2020-10-25T14:19:38Z INFO  debug] >>> 1_EVT|0:00:25
[2020-10-25T14:19:38Z INFO  debug] >>> 1_SYS1_1|0
[2020-10-25T14:19:38Z INFO  debug] >>> 1_SYS1_2|00000000
