1_KAL|1
1_EVT|20:10:17
1_SYS1_1|0
1_SYS1_2|00000000
1_SYS2_1|0
1_SYS2_2|00000000
1_SYS3|0
1_OWD1_1|2494
1_OWD1_2|484
1_OWD1_3|5260
1_OWD1_4|414
1_OWD3_1|0
1_OWD3_2|00000000
1_OWD3_3|0
1_OWD3_4|00000000
1_EVT|20:10:25
1_OWD3_1|2
1_OWD3_2|00000010
1_OWD3_3|2
1_OWD3_4|00000010
1_EVT|20:10:27
1_OWD3_1|0
1_OWD3_2|00000000
1_OWD3_3|2
1_OWD3_4|00000010
1_EVT|20:10:27
1_SYS1_1|0
1_SYS1_2|00000000
1_SYS2_1|0
1_SYS2_2|00000000
1_SYS3|0
1_EVT|20:10:37
1_SYS1_1|0
1_SYS1_2|00000000
1_SYS2_1|0
1_SYS2_2|00000000
1_SYS3|0
1_OWD1_1|2500
1_OWD1_2|484
1_OWD1_3|5260
1_OWD1_4|414
1_OWD3_1|0
1_OWD3_2|00000000
1_OWD3_3|2
1_OWD3_4|00000010
1_EVT|20:10:47
1_SYS1_1|0
1_SYS1_2|00000000
1_SYS2_1|0
1_SYS2_2|00000000
1_SYS3|0
1_OWD1_1|2503
1_OWD1_2|484
1_OWD1_3|5260
1_OWD1_4|415
1_OWD3_1|0
1_OWD3_2|00000000
1_OWD3_3|2
1_OWD3_4|00000010
1_EVT|20:10:55
1_OWD3_1|1
1_OWD3_2|00000001
1_OWD3_3|3
1_OWD3_4|00000011
1_EVT|20:10:57
1_OWD3_1|0
1_OWD3_2|00000000
1_OWD3_3|0
1_OWD3_4|00000000
1_EVT|20:10:57
1_SYS1_1|0
1_SYS1_2|00000000
1_SYS2_1|0
1_SYS2_2|00000000
1_SYS3|0
1_EVT|20:11:07
1_SYS1_1|0
1_SYS1_2|00000000
1_SYS2_1|0
1_SYS2_2|00000000
1_SYS3|0
1_OWD1_1|2497
1_OWD1_2|484
1_OWD1_3|5250
1_OWD1_4|414
1_OWD3_1|0
1_OWD3_2|00000000
1_OWD3_3|0
1_OWD3_4|00000000
1_EVT|20:11:17
1_KAL|1
1_EVT|20:11:17
1_SYS1_1|0
1_SYS1_2|00000000
1_SYS2_1|0
1_SYS2_2|00000000
1_SYS3|0
1_OWD1_1|2500
1_OWD1_2|484
1_OWD1_3|5260
1_OWD1_4|414
1_OWD3_1|0
1_OWD3_2|00000000
1_OWD3_3|0
1_OWD3_4|00000000
1_INF|20:11:22
1_ERR|3
1_EVT|20:11:27
1_SYS1_1|0
1_SYS1_2|00000000
1_SYS2_1|0
1_SYS2_2|00000000
1_SYS3|0
1_OWD1_1|2500
1_OWD1_2|484
1_OWD1_3|5260
1_OWD1_4|414
1_OWD3_1|0
1_OWD3_2|00000000
1_OWD3_3|0
1_OWD3_4|00000000
1_LST3|20:11:35
LST|1_OWD1|EF000019096A4026|S_0|11150
LST|1_OWD2|4300001982956429|S_5|11229
LST|1_OWD3|F400001BA2F0EC29|S_0|11231
LST|1_OWD4|FFFFFFFFFFFFFFFF|S_10|none
LST|1_OWD5|FFFFFFFFFFFFFFFF|S_10|none
LST|1_OWD6|FFFFFFFFFFFFFFFF|S_10|none
LST|1_OWD7|FFFFFFFFFFFFFFFF|S_10|none
LST|1_OWD8|FFFFFFFFFFFFFFFF|S_10|none
LST|1_OWD9|FFFFFFFFFFFFFFFF|S_10|none
LST|1_OWD10|FFFFFFFFFFFFFFFF|S_10|none
LST|1_OWD11|FFFFFFFFFFFFFFFF|S_10|none
LST|1_OWD12|FFFFFFFFFFFFFFFF|S_10|none
LST|1_OWD13|FFFFFFFFFFFFFFFF|S_10|none
LST|1_OWD14|FFFFFFFFFFFFFFFF|S_10|none
LST|1_OWD15|FFFFFFFFFFFFFFFF|S_10|none
LST|1_OWD16|FFFFFFFFFFFFFFFF|S_10|none
LST|1_OWD17|FFFFFFFFFFFFFFFF|S_10|none
LST|1_OWD18|FFFFFFFFFFFFFFFF|S_10|none
LST|1_OWD19|FFFFFFFFFFFFFFFF|S_10|none
LST|1_OWD20|FFFFFFFFFFFFFFFF|S_10|none
LST|1_OWD21|FFFFFFFFFFFFFFFF|S_10|none
LST|1_OWD22|FFFFFFFFFFFFFFFF|S_10|none
LST|1_OWD23|FFFFFFFFFFFFFFFF|S_10|none
LST|1_OWD24|FFFFFFFFFFFFFFFF|S_10|none
LST|1_OWD25|FFFFFFFFFFFFFFFF|S_10|none
LST|1_OWD26|FFFFFFFFFFFFFFFF|S_10|none
LST|1_OWD27|FFFFFFFFFFFFFFFF|S_10|none
LST|1_OWD28|FFFFFFFFFFFFFFFF|S_10|none
LST|1_OWD29|FFFFFFFFFFFFFFFF|S_10|none
LST|1_OWD30|FFFFFFFFFFFFFFFF|S_10|none
1_EVT|20:11:38
1_SYS1_1|0
1_SYS1_2|00000000
1_SYS2_1|0
1_SYS2_2|00000000
1_SYS3|0
1_OWD1_1|2506
1_OWD1_2|484
1_OWD1_3|5260
1_OWD1_4|415
1_OWD3_1|0
1_OWD3_2|00000000
1_OWD3_3|0
1_OWD3_4|00000000
1_EVT|20:11:48
1_SYS1_1|0
1_SYS1_2|00000000
1_SYS2_1|0
1_SYS2_2|00000000
1_SYS3|0
1_OWD1_1|2506
1_OWD1_2|484
1_OWD1_3|5250
1_OWD1_4|415
1_OWD3_1|0
1_OWD3_2|00000000
1_OWD3_3|0
1_OWD3_4|00000000
1_EVT|20:11:58
1_SYS1_1|0
1_SYS1_2|00000000
1_SYS2_1|0
1_SYS2_2|00000000
1_SYS3|0
1_OWD1_1|2500
1_OWD1_2|484
1_OWD1_3|5260
1_OWD1_4|414
1_OWD3_1|0
1_OWD3_2|00000000
1_OWD3_3|0
1_OWD3_4|00000000
1_EVT|20:12:08
1_SYS1_1|0
1_SYS1_2|00000000
1_SYS2_1|0
1_SYS2_2|00000000
1_SYS3|0
1_OWD1_1|2500
1_OWD1_2|484
1_OWD1_3|5260
1_OWD1_4|414
1_OWD3_1|0
1_OWD3_2|00000000
1_OWD3_3|0
1_OWD3_4|00000000
1_EVT|20:12:18
1_KAL|1
1_EVT|20:12:18
1_SYS1_1|0
1_SYS1_2|00000000
1_SYS2_1|0
1_SYS2_2|00000000
1_SYS3|0
1_OWD1_1|2506
1_OWD1_2|484
1_OWD1_3|5260
1_OWD1_4|415
1_OWD3_1|0
1_OWD3_2|00000000
1_OWD3_3|0
1_OWD3_4|00000000
1_EVT|20:12:28
1_SYS1_1|0
1_SYS1_2|00000000
1_SYS2_1|0
1_SYS2_2|00000000
1_SYS3|0
1_OWD1_1|2500
1_OWD1_2|484
1_OWD1_3|5260
1_OWD1_4|414
1_OWD3_1|0
1_OWD3_2|00000000
1_OWD3_3|0
1_OWD3_4|00000000
