1_EVT|0:12:05
1_SYS1_1|0
1_SYS1_2|00000000
1_SYS2_1|2
1_SYS2_2|00000010
1_SYS3|0
1_OWD1_1|2269
1_OWD1_2|484
1_OWD1_3|569
1_OWD1_4|15573
1_OWD2_1|0
1_OWD2_2|00000000
1_OWD2_3|0
1_OWD2_4|00000000
1_OWD3_1|0
1_OWD3_2|00000000
1_OWD3_3|0
1_OWD3_4|00000000
1_EVT|0:12:06
1_OWD3_1|0
1_OWD3_2|00000000
1_OWD3_3|2
1_OWD3_4|00000010
1_EVT|0:12:09
1_OWD3_1|4
1_OWD3_2|00000100
1_OWD3_3|6
1_OWD3_4|00000110
1_EVT|0:12:12
1_OWD3_1|8
1_OWD3_2|00001000
1_OWD3_3|6
1_OWD3_4|00000110
1_EVT|0:12:15
1_OWD3_1|0
1_OWD3_2|00000000
1_OWD3_3|6
1_OWD3_4|00000110
1_EVT|0:12:18
1_OWD3_1|1
1_OWD3_2|00000001
1_OWD3_3|5
1_OWD3_4|00000101
1_EVT|0:12:20
1_KAL|1
1_EVT|0:12:20
1_SYS1_1|0
1_SYS1_2|00000000
1_SYS2_1|2
1_SYS2_2|00000010
1_SYS3|0
1_OWD1_1|2275
1_OWD1_2|484
1_OWD1_3|569
1_OWD1_4|15524
1_OWD2_1|0
1_OWD2_2|00000000
1_OWD2_3|0
1_OWD2_4|00000000
1_OWD3_1|1
1_OWD3_2|00000001
1_OWD3_3|5
1_OWD3_4|00000101
1_EVT|0:12:21
1_OWD3_1|0
1_OWD3_2|00000000
1_OWD3_3|5
1_OWD3_4|00000101
