    Finished dev [unoptimized + debuginfo] target(s) in 0.04s
     Running `target/debug/esera-mqtt -H 192.168.139.189 bus_scan.txt`
[2020-10-25T14:00:06Z DEBUG esera_mqtt] Connecting to 192.168.139.189:5000
[2020-10-25T14:00:06Z INFO  esera_mqtt] <<< GET,OWB,LIST0
[2020-10-25T14:00:06Z INFO  esera_mqtt] >>> 1_LST0|0:01:38
[2020-10-25T14:00:06Z INFO  esera_mqtt] >>> LST|1_OWD1|EF000019096A4026|11150
[2020-10-25T14:00:06Z INFO  esera_mqtt] >>> LST|1_OWD3|4300001982956429|DS2408
[2020-10-25T14:00:06Z INFO  esera_mqtt] <<< GET,OWB,LISTALL
[2020-10-25T14:00:06Z INFO  esera_mqtt] >>> 1_LST3|0:01:38
[2020-10-25T14:00:06Z INFO  esera_mqtt] >>> LST|1_OWD1|EF000019096A4026|S_0|11150
[2020-10-25T14:00:07Z INFO  esera_mqtt] >>> LST|1_OWD2|4300001982956429|S_5|11229
[2020-10-25T14:00:07Z INFO  esera_mqtt] >>> LST|1_OWD3|F400001BA2F0EC29|S_0|DS2408
[2020-10-25T14:00:07Z INFO  esera_mqtt] >>> LST|1_OWD4|FFFFFFFFFFFFFFFF|S_10|none
[2020-10-25T14:00:07Z INFO  esera_mqtt] >>> LST|1_OWD5|FFFFFFFFFFFFFFFF|S_10|none
[2020-10-25T14:00:07Z INFO  esera_mqtt] >>> LST|1_OWD6|FFFFFFFFFFFFFFFF|S_10|none
[2020-10-25T14:00:07Z INFO  esera_mqtt] >>> LST|1_OWD7|FFFFFFFFFFFFFFFF|S_10|none
[2020-10-25T14:00:07Z INFO  esera_mqtt] >>> LST|1_OWD8|FFFFFFFFFFFFFFFF|S_10|none
[2020-10-25T14:00:07Z INFO  esera_mqtt] >>> LST|1_OWD9|FFFFFFFFFFFFFFFF|S_10|none
[2020-10-25T14:00:07Z INFO  esera_mqtt] >>> LST|1_OWD10|FFFFFFFFFFFFFFFF|S_10|none
[2020-10-25T14:00:07Z INFO  esera_mqtt] >>> LST|1_OWD11|FFFFFFFFFFFFFFFF|S_10|none
[2020-10-25T14:00:07Z INFO  esera_mqtt] >>> LST|1_OWD12|FFFFFFFFFFFFFFFF|S_10|none
[2020-10-25T14:00:07Z INFO  esera_mqtt] >>> LST|1_OWD13|FFFFFFFFFFFFFFFF|S_10|none
[2020-10-25T14:00:07Z INFO  esera_mqtt] >>> LST|1_OWD14|FFFFFFFFFFFFFFFF|S_10|none
[2020-10-25T14:00:07Z INFO  esera_mqtt] >>> LST|1_OWD15|FFFFFFFFFFFFFFFF|S_10|none
[2020-10-25T14:00:07Z INFO  esera_mqtt] >>> LST|1_OWD16|FFFFFFFFFFFFFFFF|S_10|none
[2020-10-25T14:00:07Z INFO  esera_mqtt] >>> LST|1_OWD17|FFFFFFFFFFFFFFFF|S_10|none
[2020-10-25T14:00:07Z INFO  esera_mqtt] >>> LST|1_OWD18|FFFFFFFFFFFFFFFF|S_10|none
[2020-10-25T14:00:07Z INFO  esera_mqtt] >>> LST|1_OWD19|FFFFFFFFFFFFFFFF|S_10|none
[2020-10-25T14:00:07Z INFO  esera_mqtt] >>> LST|1_OWD20|FFFFFFFFFFFFFFFF|S_10|none
[2020-10-25T14:00:07Z INFO  esera_mqtt] >>> LST|1_OWD21|FFFFFFFFFFFFFFFF|S_10|none
[2020-10-25T14:00:07Z INFO  esera_mqtt] >>> LST|1_OWD22|FFFFFFFFFFFFFFFF|S_10|none
[2020-10-25T14:00:07Z INFO  esera_mqtt] >>> LST|1_OWD23|FFFFFFFFFFFFFFFF|S_10|none
[2020-10-25T14:00:07Z DEBUG esera_mqtt] sleeping 15s
[2020-10-25T14:00:07Z INFO  esera_mqtt] >>> LST|1_OWD24|FFFFFFFFFFFFFFFF|S_10|none
[2020-10-25T14:00:07Z INFO  esera_mqtt] >>> LST|1_OWD25|FFFFFFFFFFFFFFFF|S_10|none
[2020-10-25T14:00:07Z INFO  esera_mqtt] >>> LST|1_OWD26|FFFFFFFFFFFFFFFF|S_10|none
[2020-10-25T14:00:07Z INFO  esera_mqtt] >>> LST|1_OWD27|FFFFFFFFFFFFFFFF|S_10|none
[2020-10-25T14:00:07Z INFO  esera_mqtt] >>> LST|1_OWD28|FFFFFFFFFFFFFFFF|S_10|none
[2020-10-25T14:00:07Z INFO  esera_mqtt] >>> LST|1_OWD29|FFFFFFFFFFFFFFFF|S_10|none
[2020-10-25T14:00:07Z INFO  esera_mqtt] >>> LST|1_OWD30|FFFFFFFFFFFFFFFF|S_10|none
[2020-10-25T14:00:13Z INFO  esera_mqtt] >>> 1_EVT|0:01:45
[2020-10-25T14:00:13Z INFO  esera_mqtt] >>> 1_SYS1_1|0
[2020-10-25T14:00:13Z INFO  esera_mqtt] >>> 1_SYS1_2|00000000
[2020-10-25T14:00:13Z INFO  esera_mqtt] >>> 1_SYS2_1|2
[2020-10-25T14:00:13Z INFO  esera_mqtt] >>> 1_SYS2_2|00000010
[2020-10-25T14:00:13Z INFO  esera_mqtt] >>> 1_SYS3|0
[2020-10-25T14:00:13Z INFO  esera_mqtt] >>> 1_OWD1_1|2256
[2020-10-25T14:00:13Z INFO  esera_mqtt] >>> 1_OWD1_2|484
[2020-10-25T14:00:13Z INFO  esera_mqtt] >>> 1_OWD1_3|5670
[2020-10-25T14:00:13Z INFO  esera_mqtt] >>> 1_OWD1_4|401
[2020-10-25T14:00:13Z INFO  esera_mqtt] >>> 1_OWD3_1|0
[2020-10-25T14:00:13Z INFO  esera_mqtt] >>> 1_OWD3_2|00000000
[2020-10-25T14:00:13Z INFO  esera_mqtt] >>> 1_OWD3_3|0
[2020-10-25T14:00:13Z INFO  esera_mqtt] >>> 1_OWD3_4|00000000
[2020-10-25T14:00:22Z INFO  esera_mqtt] <<< GET,OWB,LISTALL
[2020-10-25T14:00:22Z INFO  esera_mqtt] >>> 1_LST3|0:01:54
[2020-10-25T14:00:22Z INFO  esera_mqtt] >>> LST|1_OWD1|EF000019096A4026|S_0|11150
[2020-10-25T14:00:22Z INFO  esera_mqtt] >>> LST|1_OWD2|4300001982956429|S_5|11229
[2020-10-25T14:00:22Z INFO  esera_mqtt] >>> LST|1_OWD3|F400001BA2F0EC29|S_0|DS2408
[2020-10-25T14:00:22Z INFO  esera_mqtt] >>> LST|1_OWD4|FFFFFFFFFFFFFFFF|S_10|none
[2020-10-25T14:00:22Z INFO  esera_mqtt] >>> LST|1_OWD5|FFFFFFFFFFFFFFFF|S_10|none
   Compiling esera-mqtt v0.2.0 (/home/local/ck/code/esera-mqtt)
    Finished dev [unoptimized + debuginfo] target(s) in 1.49s
     Running `target/debug/esera-mqtt -H 192.168.139.189 bus_scan.txt`
[2020-10-25T14:02:12Z DEBUG esera_mqtt] Connecting to 192.168.139.189:5000
[2020-10-25T14:02:12Z INFO  esera_mqtt] <<< GET,OWB,LIST0
[2020-10-25T14:02:12Z INFO  esera_mqtt] >>> 1_LST0|0:03:43
[2020-10-25T14:02:12Z INFO  esera_mqtt] >>> LST|1_OWD1|EF000019096A4026|11150
[2020-10-25T14:02:12Z INFO  esera_mqtt] >>> LST|1_OWD3|4300001982956429|DS2408
[2020-10-25T14:02:13Z INFO  esera_mqtt] <<< GET,OWB,LISTALL
[2020-10-25T14:02:13Z INFO  esera_mqtt] >>> 1_LST3|0:03:44
[2020-10-25T14:02:13Z INFO  esera_mqtt] >>> LST|1_OWD1|EF000019096A4026|S_0|11150
[2020-10-25T14:02:13Z INFO  esera_mqtt] >>> LST|1_OWD2|4300001982956429|S_5|11229
[2020-10-25T14:02:13Z INFO  esera_mqtt] >>> LST|1_OWD3|F400001BA2F0EC29|S_0|DS2408
[2020-10-25T14:02:13Z INFO  esera_mqtt] >>> LST|1_OWD4|FFFFFFFFFFFFFFFF|S_10|none
[2020-10-25T14:02:13Z INFO  esera_mqtt] >>> LST|1_OWD5|FFFFFFFFFFFFFFFF|S_10|none
[2020-10-25T14:02:13Z INFO  esera_mqtt] >>> LST|1_OWD6|FFFFFFFFFFFFFFFF|S_10|none
[2020-10-25T14:02:13Z INFO  esera_mqtt] >>> LST|1_OWD7|FFFFFFFFFFFFFFFF|S_10|none
[2020-10-25T14:02:13Z INFO  esera_mqtt] >>> LST|1_OWD8|FFFFFFFFFFFFFFFF|S_10|none
[2020-10-25T14:02:13Z INFO  esera_mqtt] >>> LST|1_OWD9|FFFFFFFFFFFFFFFF|S_10|none
[2020-10-25T14:02:13Z INFO  esera_mqtt] >>> LST|1_OWD10|FFFFFFFFFFFFFFFF|S_10|none
[2020-10-25T14:02:13Z INFO  esera_mqtt] >>> LST|1_OWD11|FFFFFFFFFFFFFFFF|S_10|none
[2020-10-25T14:02:13Z INFO  esera_mqtt] >>> LST|1_OWD12|FFFFFFFFFFFFFFFF|S_10|none
[2020-10-25T14:02:13Z INFO  esera_mqtt] >>> LST|1_OWD13|FFFFFFFFFFFFFFFF|S_10|none
[2020-10-25T14:02:13Z INFO  esera_mqtt] >>> LST|1_OWD14|FFFFFFFFFFFFFFFF|S_10|none
[2020-10-25T14:02:13Z INFO  esera_mqtt] >>> LST|1_OWD15|FFFFFFFFFFFFFFFF|S_10|none
[2020-10-25T14:02:13Z INFO  esera_mqtt] >>> LST|1_OWD16|FFFFFFFFFFFFFFFF|S_10|none
[2020-10-25T14:02:13Z INFO  esera_mqtt] >>> LST|1_OWD17|FFFFFFFFFFFFFFFF|S_10|none
[2020-10-25T14:02:13Z INFO  esera_mqtt] >>> LST|1_OWD18|FFFFFFFFFFFFFFFF|S_10|none
[2020-10-25T14:02:13Z DEBUG esera_mqtt] sleeping 15s
[2020-10-25T14:02:13Z INFO  esera_mqtt] >>> LST|1_OWD19|FFFFFFFFFFFFFFFF|S_10|none
[2020-10-25T14:02:13Z INFO  esera_mqtt] >>> LST|1_OWD20|FFFFFFFFFFFFFFFF|S_10|none
[2020-10-25T14:02:13Z INFO  esera_mqtt] >>> LST|1_OWD21|FFFFFFFFFFFFFFFF|S_10|none
[2020-10-25T14:02:13Z INFO  esera_mqtt] >>> LST|1_OWD22|FFFFFFFFFFFFFFFF|S_10|none
[2020-10-25T14:02:13Z INFO  esera_mqtt] >>> LST|1_OWD23|FFFFFFFFFFFFFFFF|S_10|none
[2020-10-25T14:02:13Z INFO  esera_mqtt] >>> LST|1_OWD24|FFFFFFFFFFFFFFFF|S_10|none
[2020-10-25T14:02:13Z INFO  esera_mqtt] >>> LST|1_OWD25|FFFFFFFFFFFFFFFF|S_10|none
[2020-10-25T14:02:13Z INFO  esera_mqtt] >>> LST|1_OWD26|FFFFFFFFFFFFFFFF|S_10|none
[2020-10-25T14:02:13Z INFO  esera_mqtt] >>> LST|1_OWD27|FFFFFFFFFFFFFFFF|S_10|none
[2020-10-25T14:02:13Z INFO  esera_mqtt] >>> LST|1_OWD28|FFFFFFFFFFFFFFFF|S_10|none
[2020-10-25T14:02:13Z INFO  esera_mqtt] >>> LST|1_OWD29|FFFFFFFFFFFFFFFF|S_10|none
[2020-10-25T14:02:13Z INFO  esera_mqtt] >>> LST|1_OWD30|FFFFFFFFFFFFFFFF|S_10|none
[2020-10-25T14:02:15Z INFO  esera_mqtt] >>> 1_EVT|0:03:46
[2020-10-25T14:02:15Z INFO  esera_mqtt] >>> 1_SYS1_1|0
[2020-10-25T14:02:15Z INFO  esera_mqtt] >>> 1_SYS1_2|00000000
[2020-10-25T14:02:15Z INFO  esera_mqtt] >>> 1_SYS2_1|2
[2020-10-25T14:02:15Z INFO  esera_mqtt] >>> 1_SYS2_2|00000010
[2020-10-25T14:02:15Z INFO  esera_mqtt] >>> 1_SYS3|0
[2020-10-25T14:02:15Z INFO  esera_mqtt] >>> 1_OWD1_1|2263
[2020-10-25T14:02:15Z INFO  esera_mqtt] >>> 1_OWD1_2|484
[2020-10-25T14:02:15Z INFO  esera_mqtt] >>> 1_OWD1_3|5670
[2020-10-25T14:02:15Z INFO  esera_mqtt] >>> 1_OWD1_4|402
[2020-10-25T14:02:15Z INFO  esera_mqtt] >>> 1_OWD3_1|0
[2020-10-25T14:02:15Z INFO  esera_mqtt] >>> 1_OWD3_2|00000000
[2020-10-25T14:02:15Z INFO  esera_mqtt] >>> 1_OWD3_3|0
[2020-10-25T14:02:15Z INFO  esera_mqtt] >>> 1_OWD3_4|00000000
[2020-10-25T14:02:24Z INFO  esera_mqtt] >>> 1_EVT|0:03:56
[2020-10-25T14:02:24Z INFO  esera_mqtt] >>> 1_SYS1_1|0
[2020-10-25T14:02:24Z INFO  esera_mqtt] >>> 1_SYS1_2|00000000
[2020-10-25T14:02:24Z INFO  esera_mqtt] >>> 1_SYS2_1|2
[2020-10-25T14:02:24Z INFO  esera_mqtt] >>> 1_SYS2_2|00000010
[2020-10-25T14:02:24Z INFO  esera_mqtt] >>> 1_SYS3|0
[2020-10-25T14:02:24Z INFO  esera_mqtt] >>> 1_OWD1_1|2253
[2020-10-25T14:02:24Z INFO  esera_mqtt] >>> 1_OWD1_2|484
[2020-10-25T14:02:24Z INFO  esera_mqtt] >>> 1_OWD1_3|5680
[2020-10-25T14:02:24Z INFO  esera_mqtt] >>> 1_OWD1_4|401
[2020-10-25T14:02:24Z INFO  esera_mqtt] >>> 1_OWD2_1|255
[2020-10-25T14:02:24Z INFO  esera_mqtt] >>> 1_OWD2_2|11111111
[2020-10-25T14:02:24Z INFO  esera_mqtt] >>> 1_OWD2_3|255
[2020-10-25T14:02:24Z INFO  esera_mqtt] >>> 1_OWD2_4|11111111
[2020-10-25T14:02:25Z INFO  esera_mqtt] >>> 1_OWD3_1|0
[2020-10-25T14:02:25Z INFO  esera_mqtt] >>> 1_OWD3_2|00000000
[2020-10-25T14:02:25Z INFO  esera_mqtt] >>> 1_OWD3_3|0
[2020-10-25T14:02:25Z INFO  esera_mqtt] >>> 1_OWD3_4|00000000
[2020-10-25T14:02:28Z INFO  esera_mqtt] <<< GET,OWB,LISTALL
[2020-10-25T14:02:28Z INFO  esera_mqtt] >>> 1_LST3|0:04:00
[2020-10-25T14:02:28Z INFO  esera_mqtt] >>> LST|1_OWD1|EF000019096A4026|S_0|11150
[2020-10-25T14:02:28Z INFO  esera_mqtt] >>> LST|1_OWD2|4300001982956429|S_0|11229
[2020-10-25T14:02:29Z INFO  esera_mqtt] >>> LST|1_OWD3|F400001BA2F0EC29|S_0|DS2408
[2020-10-25T14:02:29Z INFO  esera_mqtt] >>> LST|1_OWD4|FFFFFFFFFFFFFFFF|S_10|none
    Finished dev [unoptimized + debuginfo] target(s) in 0.04s
     Running `target/debug/esera-mqtt -H 192.168.139.189 bus_scan.txt`
[2020-10-25T14:03:02Z DEBUG esera_mqtt] Connecting to 192.168.139.189:5000
[2020-10-25T14:03:02Z INFO  esera_mqtt] <<< GET,OWB,LIST0
[2020-10-25T14:03:02Z INFO  esera_mqtt] >>> 1_LST0|0:04:33
[2020-10-25T14:03:02Z INFO  esera_mqtt] >>> LST|1_OWD1|EF000019096A4026|11150
[2020-10-25T14:03:02Z INFO  esera_mqtt] >>> LST|1_OWD2|4300001982956429|11229
[2020-10-25T14:03:02Z INFO  esera_mqtt] >>> LST|1_OWD3|F400001BA2F0EC29|DS2408
[2020-10-25T14:03:02Z INFO  esera_mqtt] <<< GET,OWB,LISTALL
[2020-10-25T14:03:02Z INFO  esera_mqtt] >>> 1_LST3|0:04:34
[2020-10-25T14:03:02Z INFO  esera_mqtt] >>> LST|1_OWD1|EF000019096A4026|S_0|11150
[2020-10-25T14:03:02Z INFO  esera_mqtt] >>> LST|1_OWD2|4300001982956429|S_0|11229
[2020-10-25T14:03:03Z INFO  esera_mqtt] >>> LST|1_OWD3|F400001BA2F0EC29|S_0|DS2408
[2020-10-25T14:03:03Z INFO  esera_mqtt] >>> LST|1_OWD4|FFFFFFFFFFFFFFFF|S_10|none
[2020-10-25T14:03:03Z INFO  esera_mqtt] >>> LST|1_OWD5|FFFFFFFFFFFFFFFF|S_10|none
[2020-10-25T14:03:03Z INFO  esera_mqtt] >>> LST|1_OWD6|FFFFFFFFFFFFFFFF|S_10|none
[2020-10-25T14:03:03Z INFO  esera_mqtt] >>> LST|1_OWD7|FFFFFFFFFFFFFFFF|S_10|none
[2020-10-25T14:03:03Z INFO  esera_mqtt] >>> LST|1_OWD8|FFFFFFFFFFFFFFFF|S_10|none
[2020-10-25T14:03:03Z INFO  esera_mqtt] >>> LST|1_OWD9|FFFFFFFFFFFFFFFF|S_10|none
[2020-10-25T14:03:03Z INFO  esera_mqtt] >>> LST|1_OWD10|FFFFFFFFFFFFFFFF|S_10|none
[2020-10-25T14:03:03Z INFO  esera_mqtt] >>> LST|1_OWD11|FFFFFFFFFFFFFFFF|S_10|none
[2020-10-25T14:03:03Z INFO  esera_mqtt] >>> LST|1_OWD12|FFFFFFFFFFFFFFFF|S_10|none
[2020-10-25T14:03:03Z INFO  esera_mqtt] >>> LST|1_OWD13|FFFFFFFFFFFFFFFF|S_10|none
[2020-10-25T14:03:03Z INFO  esera_mqtt] >>> LST|1_OWD14|FFFFFFFFFFFFFFFF|S_10|none
[2020-10-25T14:03:03Z INFO  esera_mqtt] >>> LST|1_OWD15|FFFFFFFFFFFFFFFF|S_10|none
[2020-10-25T14:03:03Z INFO  esera_mqtt] >>> LST|1_OWD16|FFFFFFFFFFFFFFFF|S_10|none
[2020-10-25T14:03:03Z INFO  esera_mqtt] >>> LST|1_OWD17|FFFFFFFFFFFFFFFF|S_10|none
[2020-10-25T14:03:03Z INFO  esera_mqtt] >>> LST|1_OWD18|FFFFFFFFFFFFFFFF|S_10|none
[2020-10-25T14:03:03Z INFO  esera_mqtt] >>> LST|1_OWD19|FFFFFFFFFFFFFFFF|S_10|none
[2020-10-25T14:03:03Z INFO  esera_mqtt] >>> LST|1_OWD20|FFFFFFFFFFFFFFFF|S_10|none
[2020-10-25T14:03:03Z DEBUG esera_mqtt] sleeping 15s
[2020-10-25T14:03:03Z INFO  esera_mqtt] >>> LST|1_OWD21|FFFFFFFFFFFFFFFF|S_10|none
[2020-10-25T14:03:03Z INFO  esera_mqtt] >>> LST|1_OWD22|FFFFFFFFFFFFFFFF|S_10|none
[2020-10-25T14:03:03Z INFO  esera_mqtt] >>> LST|1_OWD23|FFFFFFFFFFFFFFFF|S_10|none
[2020-10-25T14:03:03Z INFO  esera_mqtt] >>> LST|1_OWD24|FFFFFFFFFFFFFFFF|S_10|none
[2020-10-25T14:03:03Z INFO  esera_mqtt] >>> LST|1_OWD25|FFFFFFFFFFFFFFFF|S_10|none
[2020-10-25T14:03:03Z INFO  esera_mqtt] >>> LST|1_OWD26|FFFFFFFFFFFFFFFF|S_10|none
[2020-10-25T14:03:03Z INFO  esera_mqtt] >>> LST|1_OWD27|FFFFFFFFFFFFFFFF|S_10|none
[2020-10-25T14:03:03Z INFO  esera_mqtt] >>> LST|1_OWD28|FFFFFFFFFFFFFFFF|S_10|none
[2020-10-25T14:03:03Z INFO  esera_mqtt] >>> LST|1_OWD29|FFFFFFFFFFFFFFFF|S_10|none
[2020-10-25T14:03:03Z INFO  esera_mqtt] >>> LST|1_OWD30|FFFFFFFFFFFFFFFF|S_10|none
[2020-10-25T14:03:06Z INFO  esera_mqtt] >>> 1_EVT|0:04:38
[2020-10-25T14:03:06Z INFO  esera_mqtt] >>> 1_SYS1_1|0
[2020-10-25T14:03:06Z INFO  esera_mqtt] >>> 1_SYS1_2|00000000
[2020-10-25T14:03:06Z INFO  esera_mqtt] >>> 1_SYS2_1|2
[2020-10-25T14:03:06Z INFO  esera_mqtt] >>> 1_SYS2_2|00000010
[2020-10-25T14:03:06Z INFO  esera_mqtt] >>> 1_SYS3|0
[2020-10-25T14:03:06Z INFO  esera_mqtt] >>> 1_OWD1_1|2256
[2020-10-25T14:03:06Z INFO  esera_mqtt] >>> 1_OWD1_2|484
[2020-10-25T14:03:06Z INFO  esera_mqtt] >>> 1_OWD1_3|5690
[2020-10-25T14:03:06Z INFO  esera_mqtt] >>> 1_OWD1_4|401
[2020-10-25T14:03:06Z INFO  esera_mqtt] >>> 1_OWD2_1|0
[2020-10-25T14:03:06Z INFO  esera_mqtt] >>> 1_OWD2_2|00000000
[2020-10-25T14:03:06Z INFO  esera_mqtt] >>> 1_OWD2_3|0
[2020-10-25T14:03:06Z INFO  esera_mqtt] >>> 1_OWD2_4|00000000
[2020-10-25T14:03:07Z INFO  esera_mqtt] >>> 1_OWD3_1|0
[2020-10-25T14:03:07Z INFO  esera_mqtt] >>> 1_OWD3_2|00000000
[2020-10-25T14:03:07Z INFO  esera_mqtt] >>> 1_OWD3_3|0
[2020-10-25T14:03:07Z INFO  esera_mqtt] >>> 1_OWD3_4|00000000
[2020-10-25T14:03:18Z INFO  esera_mqtt] <<< GET,OWB,LISTALL
[2020-10-25T14:03:18Z INFO  esera_mqtt] >>> 1_LST3|0:04:49
[2020-10-25T14:03:18Z INFO  esera_mqtt] >>> LST|1_OWD1|EF000019096A4026|S_0|11150
[2020-10-25T14:03:18Z INFO  esera_mqtt] >>> LST|1_OWD2|4300001982956429|S_0|11229
[2020-10-25T14:03:18Z INFO  esera_mqtt] >>> LST|1_OWD3|F400001BA2F0EC29|S_0|DS2408
[2020-10-25T14:03:18Z INFO  esera_mqtt] >>> LST|1_OWD4|FFFFFFFFFFFFFFFF|S_10|none
[2020-10-25T14:03:18Z INFO  esera_mqtt] >>> LST|1_OWD5|FFFFFFFFFFFFFFFF|S_10|none
[2020-10-25T14:03:18Z INFO  esera_mqtt] >>> LST|1_OWD6|FFFFFFFFFFFFFFFF|S_10|none
[2020-10-25T14:03:18Z INFO  esera_mqtt] >>> LST|1_OWD7|FFFFFFFFFFFFFFFF|S_10|none
[2020-10-25T14:03:18Z INFO  esera_mqtt] >>> LST|1_OWD8|FFFFFFFFFFFFFFFF|S_10|none
[2020-10-25T14:03:18Z INFO  esera_mqtt] >>> LST|1_OWD9|FFFFFFFFFFFFFFFF|S_10|none
[2020-10-25T14:03:18Z INFO  esera_mqtt] >>> LST|1_OWD10|FFFFFFFFFFFFFFFF|S_10|none
[2020-10-25T14:03:18Z INFO  esera_mqtt] >>> LST|1_OWD11|FFFFFFFFFFFFFFFF|S_10|none
[2020-10-25T14:03:18Z INFO  esera_mqtt] >>> LST|1_OWD12|FFFFFFFFFFFFFFFF|S_10|none
[2020-10-25T14:03:18Z INFO  esera_mqtt] >>> LST|1_OWD13|FFFFFFFFFFFFFFFF|S_10|none
[2020-10-25T14:03:18Z INFO  esera_mqtt] >>> LST|1_OWD14|FFFFFFFFFFFFFFFF|S_10|none
[2020-10-25T14:03:18Z INFO  esera_mqtt] >>> LST|1_OWD15|FFFFFFFFFFFFFFFF|S_10|none
[2020-10-25T14:03:18Z INFO  esera_mqtt] >>> LST|1_OWD16|FFFFFFFFFFFFFFFF|S_10|none
[2020-10-25T14:03:18Z INFO  esera_mqtt] >>> LST|1_OWD17|FFFFFFFFFFFFFFFF|S_10|none
[2020-10-25T14:03:18Z INFO  esera_mqtt] >>> LST|1_OWD18|FFFFFFFFFFFFFFFF|S_10|none
[2020-10-25T14:03:18Z INFO  esera_mqtt] >>> LST|1_OWD19|FFFFFFFFFFFFFFFF|S_10|none
[2020-10-25T14:03:18Z INFO  esera_mqtt] >>> LST|1_OWD20|FFFFFFFFFFFFFFFF|S_10|none
[2020-10-25T14:03:18Z INFO  esera_mqtt] >>> LST|1_OWD21|FFFFFFFFFFFFFFFF|S_10|none
[2020-10-25T14:03:18Z INFO  esera_mqtt] >>> LST|1_OWD22|FFFFFFFFFFFFFFFF|S_10|none
[2020-10-25T14:03:18Z INFO  esera_mqtt] >>> LST|1_OWD23|FFFFFFFFFFFFFFFF|S_10|none
